[0.073s] colcon DEBUG Command line arguments: ['/usr/bin/colcon', 'list', '-p', '--base-paths', '/home/mohamed/stonefish_ws/src', '--log-base', '/dev/null']
[0.073s] colcon DEBUG Parsed command line arguments: Namespace(log_base=None, log_level=None, verb_name='list', build_base='build', ignore_user_meta=False, metas=['./colcon.meta'], base_paths=['/home/mohamed/stonefish_ws/src', '--log-base', '/dev/null'], packages_ignore=None, packages_ignore_regex=None, paths=None, packages_up_to=None, packages_up_to_regex=None, packages_above=None, packages_above_and_dependencies=None, packages_above_depth=None, packages_select_by_dep=None, packages_skip_by_dep=None, packages_skip_up_to=None, packages_select_build_failed=False, packages_skip_build_finished=False, packages_select_test_failures=False, packages_skip_test_passed=False, packages_select=None, packages_skip=None, packages_select_regex=None, packages_skip_regex=None, packages_start=None, packages_end=None, allow_overriding=[], topological_order=False, names_only=False, paths_only=True, topological_graph=False, topological_graph_dot=False, topological_graph_density=False, topological_graph_legend=False, topological_graph_dot_cluster=False, topological_graph_dot_include_skipped=False, verb_parser=<colcon_defaults.argument_parser.defaults.DefaultArgumentsDecorator object at 0x75b6f1a491b0>, verb_extension=<colcon_package_information.verb.list.ListVerb object at 0x75b6f1b92e90>, main=<bound method ListVerb.main of <colcon_package_information.verb.list.ListVerb object at 0x75b6f1b92e90>>)
[0.235s] colcon.colcon_core.package_discovery Level 1 discover_packages(colcon_meta) check parameters
[0.235s] colcon.colcon_core.package_discovery Level 1 discover_packages(recursive) check parameters
[0.235s] colcon.colcon_core.package_discovery Level 1 discover_packages(ignore) check parameters
[0.235s] colcon.colcon_core.package_discovery Level 1 discover_packages(path) check parameters
[0.235s] colcon.colcon_core.package_discovery Level 1 discover_packages(recursive) discover
[0.235s] colcon.colcon_core.package_discovery INFO Crawling recursively for packages in '/home/mohamed/stonefish_ws/src', '/home/mohamed/stonefish_ws/src/--log-base', '/dev/null'
[0.235s] colcon.colcon_core.package_identification Level 1 _identify(/home/mohamed/stonefish_ws/src) by extensions ['ignore', 'ignore_ament_install']
[0.235s] colcon.colcon_core.package_identification Level 1 _identify(/home/mohamed/stonefish_ws/src) by extension 'ignore'
[0.235s] colcon.colcon_core.package_identification Level 1 _identify(/home/mohamed/stonefish_ws/src) by extension 'ignore_ament_install'
[0.235s] colcon.colcon_core.package_identification Level 1 _identify(/home/mohamed/stonefish_ws/src) by extensions ['colcon_pkg']
[0.235s] colcon.colcon_core.package_identification Level 1 _identify(/home/mohamed/stonefish_ws/src) by extension 'colcon_pkg'
[0.235s] colcon.colcon_core.package_identification Level 1 _identify(/home/mohamed/stonefish_ws/src) by extensions ['colcon_meta']
[0.235s] colcon.colcon_core.package_identification Level 1 _identify(/home/mohamed/stonefish_ws/src) by extension 'colcon_meta'
[0.235s] colcon.colcon_core.package_identification Level 1 _identify(/home/mohamed/stonefish_ws/src) by extensions ['ros']
[0.235s] colcon.colcon_core.package_identification Level 1 _identify(/home/mohamed/stonefish_ws/src) by extension 'ros'
[0.251s] colcon.colcon_core.package_identification Level 1 _identify(/home/mohamed/stonefish_ws/src) by extensions ['cmake', 'python']
[0.251s] colcon.colcon_core.package_identification Level 1 _identify(/home/mohamed/stonefish_ws/src) by extension 'cmake'
[0.251s] colcon.colcon_core.package_identification Level 1 _identify(/home/mohamed/stonefish_ws/src) by extension 'python'
[0.251s] colcon.colcon_core.package_identification Level 1 _identify(/home/mohamed/stonefish_ws/src) by extensions ['python_setup_py']
[0.251s] colcon.colcon_core.package_identification Level 1 _identify(/home/mohamed/stonefish_ws/src) by extension 'python_setup_py'
[0.251s] colcon.colcon_core.package_identification Level 1 _identify(/home/mohamed/stonefish_ws/src/alpha_description) by extensions ['ignore', 'ignore_ament_install']
[0.251s] colcon.colcon_core.package_identification Level 1 _identify(/home/mohamed/stonefish_ws/src/alpha_description) by extension 'ignore'
[0.252s] colcon.colcon_core.package_identification Level 1 _identify(/home/mohamed/stonefish_ws/src/alpha_description) by extension 'ignore_ament_install'
[0.252s] colcon.colcon_core.package_identification Level 1 _identify(/home/mohamed/stonefish_ws/src/alpha_description) by extensions ['colcon_pkg']
[0.252s] colcon.colcon_core.package_identification Level 1 _identify(/home/mohamed/stonefish_ws/src/alpha_description) by extension 'colcon_pkg'
[0.252s] colcon.colcon_core.package_identification Level 1 _identify(/home/mohamed/stonefish_ws/src/alpha_description) by extensions ['colcon_meta']
[0.252s] colcon.colcon_core.package_identification Level 1 _identify(/home/mohamed/stonefish_ws/src/alpha_description) by extension 'colcon_meta'
[0.252s] colcon.colcon_core.package_identification Level 1 _identify(/home/mohamed/stonefish_ws/src/alpha_description) by extensions ['ros']
[0.252s] colcon.colcon_core.package_identification Level 1 _identify(/home/mohamed/stonefish_ws/src/alpha_description) by extension 'ros'
[0.253s] colcon.colcon_core.package_identification DEBUG Package '/home/mohamed/stonefish_ws/src/alpha_description' with type 'ros.ament_cmake' and name 'alpha_description'
[0.253s] colcon.colcon_core.package_identification Level 1 _identify(/home/mohamed/stonefish_ws/src/bluerov2_cirtesu_core) by extensions ['ignore', 'ignore_ament_install']
[0.254s] colcon.colcon_core.package_identification Level 1 _identify(/home/mohamed/stonefish_ws/src/bluerov2_cirtesu_core) by extension 'ignore'
[0.254s] colcon.colcon_core.package_identification Level 1 _identify(/home/mohamed/stonefish_ws/src/bluerov2_cirtesu_core) by extension 'ignore_ament_install'
[0.254s] colcon.colcon_core.package_identification Level 1 _identify(/home/mohamed/stonefish_ws/src/bluerov2_cirtesu_core) by extensions ['colcon_pkg']
[0.254s] colcon.colcon_core.package_identification Level 1 _identify(/home/mohamed/stonefish_ws/src/bluerov2_cirtesu_core) by extension 'colcon_pkg'
[0.254s] colcon.colcon_core.package_identification Level 1 _identify(/home/mohamed/stonefish_ws/src/bluerov2_cirtesu_core) by extensions ['colcon_meta']
[0.254s] colcon.colcon_core.package_identification Level 1 _identify(/home/mohamed/stonefish_ws/src/bluerov2_cirtesu_core) by extension 'colcon_meta'
[0.254s] colcon.colcon_core.package_identification Level 1 _identify(/home/mohamed/stonefish_ws/src/bluerov2_cirtesu_core) by extensions ['ros']
[0.254s] colcon.colcon_core.package_identification Level 1 _identify(/home/mohamed/stonefish_ws/src/bluerov2_cirtesu_core) by extension 'ros'
[0.254s] colcon.colcon_core.package_identification DEBUG Package '/home/mohamed/stonefish_ws/src/bluerov2_cirtesu_core' with type 'ros.ament_cmake' and name 'bluerov2_cirtesu_core'
[0.254s] colcon.colcon_core.package_identification Level 1 _identify(/home/mohamed/stonefish_ws/src/bluerov_keyboard_control) by extensions ['ignore', 'ignore_ament_install']
[0.254s] colcon.colcon_core.package_identification Level 1 _identify(/home/mohamed/stonefish_ws/src/bluerov_keyboard_control) by extension 'ignore'
[0.255s] colcon.colcon_core.package_identification Level 1 _identify(/home/mohamed/stonefish_ws/src/bluerov_keyboard_control) by extension 'ignore_ament_install'
[0.255s] colcon.colcon_core.package_identification Level 1 _identify(/home/mohamed/stonefish_ws/src/bluerov_keyboard_control) by extensions ['colcon_pkg']
[0.255s] colcon.colcon_core.package_identification Level 1 _identify(/home/mohamed/stonefish_ws/src/bluerov_keyboard_control) by extension 'colcon_pkg'
[0.255s] colcon.colcon_core.package_identification Level 1 _identify(/home/mohamed/stonefish_ws/src/bluerov_keyboard_control) by extensions ['colcon_meta']
[0.255s] colcon.colcon_core.package_identification Level 1 _identify(/home/mohamed/stonefish_ws/src/bluerov_keyboard_control) by extension 'colcon_meta'
[0.255s] colcon.colcon_core.package_identification Level 1 _identify(/home/mohamed/stonefish_ws/src/bluerov_keyboard_control) by extensions ['ros']
[0.255s] colcon.colcon_core.package_identification Level 1 _identify(/home/mohamed/stonefish_ws/src/bluerov_keyboard_control) by extension 'ros'
[0.255s] colcon.colcon_core.package_identification DEBUG Package '/home/mohamed/stonefish_ws/src/bluerov_keyboard_control' with type 'ros.ament_python' and name 'bluerov_keyboard_control'
[0.255s] colcon.colcon_core.package_identification Level 1 _identify(/home/mohamed/stonefish_ws/src/bluerov_mav2ros) by extensions ['ignore', 'ignore_ament_install']
[0.255s] colcon.colcon_core.package_identification Level 1 _identify(/home/mohamed/stonefish_ws/src/bluerov_mav2ros) by extension 'ignore'
[0.255s] colcon.colcon_core.package_identification Level 1 _identify(/home/mohamed/stonefish_ws/src/bluerov_mav2ros) by extension 'ignore_ament_install'
[0.255s] colcon.colcon_core.package_identification Level 1 _identify(/home/mohamed/stonefish_ws/src/bluerov_mav2ros) by extensions ['colcon_pkg']
[0.255s] colcon.colcon_core.package_identification Level 1 _identify(/home/mohamed/stonefish_ws/src/bluerov_mav2ros) by extension 'colcon_pkg'
[0.255s] colcon.colcon_core.package_identification Level 1 _identify(/home/mohamed/stonefish_ws/src/bluerov_mav2ros) by extensions ['colcon_meta']
[0.255s] colcon.colcon_core.package_identification Level 1 _identify(/home/mohamed/stonefish_ws/src/bluerov_mav2ros) by extension 'colcon_meta'
[0.255s] colcon.colcon_core.package_identification Level 1 _identify(/home/mohamed/stonefish_ws/src/bluerov_mav2ros) by extensions ['ros']
[0.255s] colcon.colcon_core.package_identification Level 1 _identify(/home/mohamed/stonefish_ws/src/bluerov_mav2ros) by extension 'ros'
[0.256s] colcon.colcon_core.package_identification DEBUG Package '/home/mohamed/stonefish_ws/src/bluerov_mav2ros' with type 'ros.ament_cmake' and name 'bluerov_mav2ros'
[0.256s] colcon.colcon_core.package_identification Level 1 _identify(/home/mohamed/stonefish_ws/src/cirtesu_stonefish) by extensions ['ignore', 'ignore_ament_install']
[0.256s] colcon.colcon_core.package_identification Level 1 _identify(/home/mohamed/stonefish_ws/src/cirtesu_stonefish) by extension 'ignore'
[0.256s] colcon.colcon_core.package_identification Level 1 _identify(/home/mohamed/stonefish_ws/src/cirtesu_stonefish) by extension 'ignore_ament_install'
[0.256s] colcon.colcon_core.package_identification Level 1 _identify(/home/mohamed/stonefish_ws/src/cirtesu_stonefish) by extensions ['colcon_pkg']
[0.256s] colcon.colcon_core.package_identification Level 1 _identify(/home/mohamed/stonefish_ws/src/cirtesu_stonefish) by extension 'colcon_pkg'
[0.256s] colcon.colcon_core.package_identification Level 1 _identify(/home/mohamed/stonefish_ws/src/cirtesu_stonefish) by extensions ['colcon_meta']
[0.256s] colcon.colcon_core.package_identification Level 1 _identify(/home/mohamed/stonefish_ws/src/cirtesu_stonefish) by extension 'colcon_meta'
[0.256s] colcon.colcon_core.package_identification Level 1 _identify(/home/mohamed/stonefish_ws/src/cirtesu_stonefish) by extensions ['ros']
[0.256s] colcon.colcon_core.package_identification Level 1 _identify(/home/mohamed/stonefish_ws/src/cirtesu_stonefish) by extension 'ros'
[0.257s] colcon.colcon_core.package_identification DEBUG Package '/home/mohamed/stonefish_ws/src/cirtesu_stonefish' with type 'ros.ament_cmake' and name 'cirtesu_stonefish'
[0.257s] colcon.colcon_core.package_identification Level 1 _identify(/home/mohamed/stonefish_ws/src/log) by extensions ['ignore', 'ignore_ament_install']
[0.257s] colcon.colcon_core.package_identification Level 1 _identify(/home/mohamed/stonefish_ws/src/log) by extension 'ignore'
[0.257s] colcon.colcon_core.package_identification Level 1 _identify(/home/mohamed/stonefish_ws/src/log) ignored
[0.257s] colcon.colcon_core.package_identification Level 1 _identify(/home/mohamed/stonefish_ws/src/stonefish_bluerov2) by extensions ['ignore', 'ignore_ament_install']
[0.257s] colcon.colcon_core.package_identification Level 1 _identify(/home/mohamed/stonefish_ws/src/stonefish_bluerov2) by extension 'ignore'
[0.257s] colcon.colcon_core.package_identification Level 1 _identify(/home/mohamed/stonefish_ws/src/stonefish_bluerov2) by extension 'ignore_ament_install'
[0.257s] colcon.colcon_core.package_identification Level 1 _identify(/home/mohamed/stonefish_ws/src/stonefish_bluerov2) by extensions ['colcon_pkg']
[0.257s] colcon.colcon_core.package_identification Level 1 _identify(/home/mohamed/stonefish_ws/src/stonefish_bluerov2) by extension 'colcon_pkg'
[0.257s] colcon.colcon_core.package_identification Level 1 _identify(/home/mohamed/stonefish_ws/src/stonefish_bluerov2) by extensions ['colcon_meta']
[0.257s] colcon.colcon_core.package_identification Level 1 _identify(/home/mohamed/stonefish_ws/src/stonefish_bluerov2) by extension 'colcon_meta'
[0.257s] colcon.colcon_core.package_identification Level 1 _identify(/home/mohamed/stonefish_ws/src/stonefish_bluerov2) by extensions ['ros']
[0.257s] colcon.colcon_core.package_identification Level 1 _identify(/home/mohamed/stonefish_ws/src/stonefish_bluerov2) by extension 'ros'
[0.258s] colcon.colcon_core.package_identification DEBUG Package '/home/mohamed/stonefish_ws/src/stonefish_bluerov2' with type 'ros.ament_cmake' and name 'stonefish_bluerov2'
[0.258s] colcon.colcon_core.package_identification Level 1 _identify(/home/mohamed/stonefish_ws/src/stonefish_ros2) by extensions ['ignore', 'ignore_ament_install']
[0.258s] colcon.colcon_core.package_identification Level 1 _identify(/home/mohamed/stonefish_ws/src/stonefish_ros2) by extension 'ignore'
[0.258s] colcon.colcon_core.package_identification Level 1 _identify(/home/mohamed/stonefish_ws/src/stonefish_ros2) by extension 'ignore_ament_install'
[0.258s] colcon.colcon_core.package_identification Level 1 _identify(/home/mohamed/stonefish_ws/src/stonefish_ros2) by extensions ['colcon_pkg']
[0.258s] colcon.colcon_core.package_identification Level 1 _identify(/home/mohamed/stonefish_ws/src/stonefish_ros2) by extension 'colcon_pkg'
[0.258s] colcon.colcon_core.package_identification Level 1 _identify(/home/mohamed/stonefish_ws/src/stonefish_ros2) by extensions ['colcon_meta']
[0.258s] colcon.colcon_core.package_identification Level 1 _identify(/home/mohamed/stonefish_ws/src/stonefish_ros2) by extension 'colcon_meta'
[0.258s] colcon.colcon_core.package_identification Level 1 _identify(/home/mohamed/stonefish_ws/src/stonefish_ros2) by extensions ['ros']
[0.258s] colcon.colcon_core.package_identification Level 1 _identify(/home/mohamed/stonefish_ws/src/stonefish_ros2) by extension 'ros'
[0.259s] colcon.colcon_core.package_identification DEBUG Package '/home/mohamed/stonefish_ws/src/stonefish_ros2' with type 'ros.ament_cmake' and name 'stonefish_ros2'
[0.259s] colcon.colcon_core.package_identification Level 1 _identify(/home/mohamed/stonefish_ws/src/teleop_twist_keyboard) by extensions ['ignore', 'ignore_ament_install']
[0.259s] colcon.colcon_core.package_identification Level 1 _identify(/home/mohamed/stonefish_ws/src/teleop_twist_keyboard) by extension 'ignore'
[0.259s] colcon.colcon_core.package_identification Level 1 _identify(/home/mohamed/stonefish_ws/src/teleop_twist_keyboard) by extension 'ignore_ament_install'
[0.259s] colcon.colcon_core.package_identification Level 1 _identify(/home/mohamed/stonefish_ws/src/teleop_twist_keyboard) by extensions ['colcon_pkg']
[0.259s] colcon.colcon_core.package_identification Level 1 _identify(/home/mohamed/stonefish_ws/src/teleop_twist_keyboard) by extension 'colcon_pkg'
[0.259s] colcon.colcon_core.package_identification Level 1 _identify(/home/mohamed/stonefish_ws/src/teleop_twist_keyboard) by extensions ['colcon_meta']
[0.259s] colcon.colcon_core.package_identification Level 1 _identify(/home/mohamed/stonefish_ws/src/teleop_twist_keyboard) by extension 'colcon_meta'
[0.259s] colcon.colcon_core.package_identification Level 1 _identify(/home/mohamed/stonefish_ws/src/teleop_twist_keyboard) by extensions ['ros']
[0.259s] colcon.colcon_core.package_identification Level 1 _identify(/home/mohamed/stonefish_ws/src/teleop_twist_keyboard) by extension 'ros'
[0.260s] colcon.colcon_core.package_identification DEBUG Package '/home/mohamed/stonefish_ws/src/teleop_twist_keyboard' with type 'ros.ament_python' and name 'teleop_twist_keyboard'
[0.260s] colcon.colcon_core.package_discovery Level 1 discover_packages(recursive) using defaults
